Using pre-set license
Built from '2021.1/release' branch; Version is '2021.1.0f1 (61a549675243) revision 6399305'; Using compiler version '192528614'; Build Type 'Release'
OS: 'Windows 10 Pro; OS build 19042.928; Version 2009; 64bit' Language: 'en' Physical Memory: 32717 MB
BatchMode: 1, IsHumanControllingUs: 0, StartBugReporterOnCrash: 0, Is64bit: 1, IsPro: 0

 COMMAND LINE ARGUMENTS:
C:\Program Files\Engines\Unity Versions\2021.1.0f1\Editor\Unity.exe
-adb2
-batchMode
-noUpm
-name
AssetImportWorker0
-projectPath
D:/GitRepos/TeppichsBehaviorTree/TeppichsBehaviorTree
-logFile
Logs/AssetImportWorker0.log
-srvPort
61442
Successfully changed project path to: D:/GitRepos/TeppichsBehaviorTree/TeppichsBehaviorTree
D:/GitRepos/TeppichsBehaviorTree/TeppichsBehaviorTree
Using Asset Import Pipeline V2.
Refreshing native plugins compatible for Editor in 64.00 ms, found 1 plugins.
Preloading 0 native plugins for Editor in 0.00 ms.
Initialize engine version: 2021.1.0f1 (61a549675243)
[Subsystems] Discovering subsystems at path C:/Program Files/Engines/Unity Versions/2021.1.0f1/Editor/Data/Resources/UnitySubsystems
[Subsystems] Discovering subsystems at path D:/GitRepos/TeppichsBehaviorTree/TeppichsBehaviorTree/Assets
GfxDevice: creating device client; threaded=0; jobified=0
Direct3D:
    Version:  Direct3D 11.0 [level 11.1]
    Renderer: NVIDIA GeForce RTX 2080 SUPER (ID=0x1e81)
    Vendor:   NVIDIA
    VRAM:     8010 MB
    Driver:   27.21.14.6109
Initialize mono
Mono path[0] = 'C:/Program Files/Engines/Unity Versions/2021.1.0f1/Editor/Data/Managed'
Mono path[1] = 'C:/Program Files/Engines/Unity Versions/2021.1.0f1/Editor/Data/MonoBleedingEdge/lib/mono/unityjit'
Mono config path = 'C:/Program Files/Engines/Unity Versions/2021.1.0f1/Editor/Data/MonoBleedingEdge/etc'
Using monoOptions --debugger-agent=transport=dt_socket,embedding=1,server=y,suspend=n,address=127.0.0.1:56844
Begin MonoManager ReloadAssembly
Registering precompiled unity dll's ...
Register platform support module: C:/Program Files/Engines/Unity Versions/2021.1.0f1/Editor/Data/PlaybackEngines/WindowsStandaloneSupport/UnityEditor.WindowsStandalone.Extensions.dll
Registered in 0.001697 seconds.
Native extension for WindowsStandalone target not found
Refreshing native plugins compatible for Editor in 71.50 ms, found 1 plugins.
Preloading 0 native plugins for Editor in 0.00 ms.
Mono: successfully reloaded assembly
- Completed reload, in  1.186 seconds
Platform modules already initialized, skipping
Registering precompiled user dll's ...
Registered in 0.001862 seconds.
Begin MonoManager ReloadAssembly
Native extension for WindowsStandalone target not found
Refreshing native plugins compatible for Editor in 0.61 ms, found 1 plugins.
Preloading 0 native plugins for Editor in 0.00 ms.
Mono: successfully reloaded assembly
- Completed reload, in  0.860 seconds
Platform modules already initialized, skipping
========================================================================
Worker process is ready to serve import requests
Launched and connected shader compiler UnityShaderCompiler.exe after 0.03 seconds
Refreshing native plugins compatible for Editor in 1.04 ms, found 1 plugins.
Preloading 0 native plugins for Editor in 0.00 ms.
Unloading 2733 Unused Serialized files (Serialized files now loaded: 0)
System memory in use before: 99.6 MB.
System memory in use after: 99.8 MB.

Unloading 15 unused Assets to reduce memory usage. Loaded Objects now: 3185.
Total: 2.825100 ms (FindLiveObjects: 0.616400 ms CreateObjectMapping: 0.107800 ms MarkObjects: 2.015700 ms  DeleteObjects: 0.083500 ms)

========================================================================
Received Import Request.
  path: Assets/TeppichsBehaviorTree/Editor/TreeBuilderEditor/TreeBuilderNode.cs
  artifactKey: Guid(7505db3fbba5469eacffa13536784b0c) Importer(815301076,1909f56bfc062723c751e8b465ee728b)
Start importing Assets/TeppichsBehaviorTree/Editor/TreeBuilderEditor/TreeBuilderNode.cs using Guid(7505db3fbba5469eacffa13536784b0c) Importer(815301076,1909f56bfc062723c751e8b465ee728b)  -> (artifact id: 'b4731aced0bf5e36cebcf5c2d3af7d13') in 0.034554 seconds 
========================================================================
Received Import Request.
  Time since last request: 354.271064 seconds.
  path: Assets/TeppichsBehaviorTree/Editor/TreeBuilderEditor/TreeBuilderNodeFactory.cs
  artifactKey: Guid(158bca653bc8477b873eca18e3003924) Importer(815301076,1909f56bfc062723c751e8b465ee728b)
Start importing Assets/TeppichsBehaviorTree/Editor/TreeBuilderEditor/TreeBuilderNodeFactory.cs using Guid(158bca653bc8477b873eca18e3003924) Importer(815301076,1909f56bfc062723c751e8b465ee728b)  -> (artifact id: '3d5374ee7b54d97e5bd657559953f69d') in 0.006373 seconds 
========================================================================
Received Import Request.
  Time since last request: 7.962265 seconds.
  path: Assets/TeppichsBehaviorTree/Editor/TreeBuilderEditor/TreeBuilderGraphView.cs
  artifactKey: Guid(15df95477767457892bd7a1b12e016ac) Importer(815301076,1909f56bfc062723c751e8b465ee728b)
Start importing Assets/TeppichsBehaviorTree/Editor/TreeBuilderEditor/TreeBuilderGraphView.cs using Guid(15df95477767457892bd7a1b12e016ac) Importer(815301076,1909f56bfc062723c751e8b465ee728b)  -> (artifact id: '59114df6507be3718ea66fc9c8f2b4eb') in 0.005694 seconds 
========================================================================
Received Prepare
Registering precompiled user dll's ...
Registered in 0.001760 seconds.
Begin MonoManager ReloadAssembly
Native extension for WindowsStandalone target not found
Refreshing native plugins compatible for Editor in 0.59 ms, found 1 plugins.
Preloading 0 native plugins for Editor in 0.00 ms.
Mono: successfully reloaded assembly
- Completed reload, in  0.766 seconds
Platform modules already initialized, skipping
Refreshing native plugins compatible for Editor in 0.60 ms, found 1 plugins.
Preloading 0 native plugins for Editor in 0.00 ms.
Unloading 2729 Unused Serialized files (Serialized files now loaded: 0)
System memory in use before: 99.7 MB.
System memory in use after: 99.9 MB.

Unloading 10 unused Assets to reduce memory usage. Loaded Objects now: 3189.
Total: 2.197300 ms (FindLiveObjects: 0.302100 ms CreateObjectMapping: 0.069600 ms MarkObjects: 1.766000 ms  DeleteObjects: 0.058400 ms)

========================================================================
Received Prepare
Registering precompiled user dll's ...
Registered in 0.001874 seconds.
Begin MonoManager ReloadAssembly
Native extension for WindowsStandalone target not found
Refreshing native plugins compatible for Editor in 0.61 ms, found 1 plugins.
Preloading 0 native plugins for Editor in 0.00 ms.
Mono: successfully reloaded assembly
- Completed reload, in  0.766 seconds
Platform modules already initialized, skipping
Refreshing native plugins compatible for Editor in 0.64 ms, found 1 plugins.
Preloading 0 native plugins for Editor in 0.00 ms.
Unloading 2730 Unused Serialized files (Serialized files now loaded: 0)
System memory in use before: 99.7 MB.
System memory in use after: 99.9 MB.

Unloading 10 unused Assets to reduce memory usage. Loaded Objects now: 3193.
Total: 1.912200 ms (FindLiveObjects: 0.265000 ms CreateObjectMapping: 0.067600 ms MarkObjects: 1.532800 ms  DeleteObjects: 0.045800 ms)

========================================================================
Received Prepare
Registering precompiled user dll's ...
Registered in 0.001935 seconds.
Begin MonoManager ReloadAssembly
Native extension for WindowsStandalone target not found
Refreshing native plugins compatible for Editor in 0.61 ms, found 1 plugins.
Preloading 0 native plugins for Editor in 0.00 ms.
Mono: successfully reloaded assembly
- Completed reload, in  0.752 seconds
Platform modules already initialized, skipping
Refreshing native plugins compatible for Editor in 0.59 ms, found 1 plugins.
Preloading 0 native plugins for Editor in 0.00 ms.
Unloading 2730 Unused Serialized files (Serialized files now loaded: 0)
System memory in use before: 99.7 MB.
System memory in use after: 99.9 MB.

Unloading 10 unused Assets to reduce memory usage. Loaded Objects now: 3196.
Total: 2.171000 ms (FindLiveObjects: 0.297300 ms CreateObjectMapping: 0.068600 ms MarkObjects: 1.747600 ms  DeleteObjects: 0.056100 ms)

========================================================================
Received Prepare
Registering precompiled user dll's ...
Registered in 0.002116 seconds.
Begin MonoManager ReloadAssembly
Native extension for WindowsStandalone target not found
Refreshing native plugins compatible for Editor in 0.61 ms, found 1 plugins.
Preloading 0 native plugins for Editor in 0.00 ms.
Mono: successfully reloaded assembly
- Completed reload, in  0.858 seconds
Platform modules already initialized, skipping
Refreshing native plugins compatible for Editor in 0.61 ms, found 1 plugins.
Preloading 0 native plugins for Editor in 0.00 ms.
Unloading 2736 Unused Serialized files (Serialized files now loaded: 0)
System memory in use before: 99.9 MB.
System memory in use after: 100.1 MB.

Unloading 11 unused Assets to reduce memory usage. Loaded Objects now: 3205.
Total: 2.466100 ms (FindLiveObjects: 0.347600 ms CreateObjectMapping: 0.072400 ms MarkObjects: 1.983200 ms  DeleteObjects: 0.060800 ms)

========================================================================
Received Prepare
Registering precompiled user dll's ...
Registered in 0.001993 seconds.
Begin MonoManager ReloadAssembly
Native extension for WindowsStandalone target not found
Refreshing native plugins compatible for Editor in 0.66 ms, found 1 plugins.
Preloading 0 native plugins for Editor in 0.00 ms.
Mono: successfully reloaded assembly
- Completed reload, in  0.777 seconds
Platform modules already initialized, skipping
Refreshing native plugins compatible for Editor in 0.69 ms, found 1 plugins.
Preloading 0 native plugins for Editor in 0.00 ms.
Unloading 2736 Unused Serialized files (Serialized files now loaded: 0)
System memory in use before: 99.9 MB.
System memory in use after: 100.1 MB.

Unloading 10 unused Assets to reduce memory usage. Loaded Objects now: 3208.
Total: 1.958400 ms (FindLiveObjects: 0.285800 ms CreateObjectMapping: 0.080000 ms MarkObjects: 1.547000 ms  DeleteObjects: 0.044300 ms)

========================================================================
Received Import Request.
  Time since last request: 8439.323853 seconds.
  path: Assets/TeppichsBehaviorTree/Runtime/TreeBuilder/TreeBuilder.asmdef
  artifactKey: Guid(82352bbda447d8e48b5dbdded6398909) Importer(815301076,1909f56bfc062723c751e8b465ee728b)
Start importing Assets/TeppichsBehaviorTree/Runtime/TreeBuilder/TreeBuilder.asmdef using Guid(82352bbda447d8e48b5dbdded6398909) Importer(815301076,1909f56bfc062723c751e8b465ee728b)  -> (artifact id: 'ffb55e13421b416d0b685d1fa2ee7eaa') in 0.012779 seconds 
========================================================================
Received Prepare
Registering precompiled user dll's ...
Registered in 0.001942 seconds.
Begin MonoManager ReloadAssembly
Native extension for WindowsStandalone target not found
Refreshing native plugins compatible for Editor in 0.63 ms, found 1 plugins.
Preloading 0 native plugins for Editor in 0.00 ms.
Mono: successfully reloaded assembly
- Completed reload, in  0.793 seconds
Platform modules already initialized, skipping
Refreshing native plugins compatible for Editor in 0.65 ms, found 1 plugins.
Preloading 0 native plugins for Editor in 0.00 ms.
Unloading 2736 Unused Serialized files (Serialized files now loaded: 0)
System memory in use before: 99.9 MB.
System memory in use after: 100.1 MB.

Unloading 10 unused Assets to reduce memory usage. Loaded Objects now: 3211.
Total: 2.236300 ms (FindLiveObjects: 0.316800 ms CreateObjectMapping: 0.069700 ms MarkObjects: 1.795200 ms  DeleteObjects: 0.053200 ms)

========================================================================
Received Prepare
Registering precompiled user dll's ...
Registered in 0.001891 seconds.
Begin MonoManager ReloadAssembly
Native extension for WindowsStandalone target not found
Refreshing native plugins compatible for Editor in 0.61 ms, found 1 plugins.
Preloading 0 native plugins for Editor in 0.00 ms.
Mono: successfully reloaded assembly
- Completed reload, in  0.750 seconds
Platform modules already initialized, skipping
Refreshing native plugins compatible for Editor in 0.71 ms, found 1 plugins.
Preloading 0 native plugins for Editor in 0.00 ms.
Unloading 2737 Unused Serialized files (Serialized files now loaded: 0)
System memory in use before: 99.9 MB.
System memory in use after: 100.1 MB.

Unloading 10 unused Assets to reduce memory usage. Loaded Objects now: 3215.
Total: 2.024700 ms (FindLiveObjects: 0.331700 ms CreateObjectMapping: 0.072300 ms MarkObjects: 1.573200 ms  DeleteObjects: 0.046500 ms)

========================================================================
Received Prepare
Registering precompiled user dll's ...
Registered in 0.001975 seconds.
Begin MonoManager ReloadAssembly
Native extension for WindowsStandalone target not found
Refreshing native plugins compatible for Editor in 0.60 ms, found 1 plugins.
Preloading 0 native plugins for Editor in 0.00 ms.
Mono: successfully reloaded assembly
- Completed reload, in  0.753 seconds
Platform modules already initialized, skipping
Refreshing native plugins compatible for Editor in 0.59 ms, found 1 plugins.
Preloading 0 native plugins for Editor in 0.00 ms.
Unloading 2737 Unused Serialized files (Serialized files now loaded: 0)
System memory in use before: 99.9 MB.
System memory in use after: 100.1 MB.

Unloading 10 unused Assets to reduce memory usage. Loaded Objects now: 3218.
Total: 2.047300 ms (FindLiveObjects: 0.330000 ms CreateObjectMapping: 0.072900 ms MarkObjects: 1.594000 ms  DeleteObjects: 0.048800 ms)

========================================================================
Received Prepare
Registering precompiled user dll's ...
Registered in 0.001887 seconds.
Begin MonoManager ReloadAssembly
Native extension for WindowsStandalone target not found
Refreshing native plugins compatible for Editor in 0.64 ms, found 1 plugins.
Preloading 0 native plugins for Editor in 0.00 ms.
Mono: successfully reloaded assembly
- Completed reload, in  0.773 seconds
Platform modules already initialized, skipping
Refreshing native plugins compatible for Editor in 0.59 ms, found 1 plugins.
Preloading 0 native plugins for Editor in 0.00 ms.
Unloading 2737 Unused Serialized files (Serialized files now loaded: 0)
System memory in use before: 100.0 MB.
System memory in use after: 100.2 MB.

Unloading 10 unused Assets to reduce memory usage. Loaded Objects now: 3221.
Total: 2.038500 ms (FindLiveObjects: 0.299900 ms CreateObjectMapping: 0.075100 ms MarkObjects: 1.614500 ms  DeleteObjects: 0.048200 ms)

========================================================================
Received Prepare
Registering precompiled user dll's ...
Registered in 0.001838 seconds.
Begin MonoManager ReloadAssembly
Native extension for WindowsStandalone target not found
Refreshing native plugins compatible for Editor in 0.59 ms, found 1 plugins.
Preloading 0 native plugins for Editor in 0.00 ms.
Mono: successfully reloaded assembly
- Completed reload, in  0.766 seconds
Platform modules already initialized, skipping
Refreshing native plugins compatible for Editor in 0.60 ms, found 1 plugins.
Preloading 0 native plugins for Editor in 0.00 ms.
Unloading 2737 Unused Serialized files (Serialized files now loaded: 0)
System memory in use before: 100.0 MB.
System memory in use after: 100.2 MB.

Unloading 10 unused Assets to reduce memory usage. Loaded Objects now: 3224.
Total: 2.021800 ms (FindLiveObjects: 0.293000 ms CreateObjectMapping: 0.073800 ms MarkObjects: 1.609100 ms  DeleteObjects: 0.044500 ms)

========================================================================
Received Import Request.
  Time since last request: 3229.346741 seconds.
  path: Assets/TeppichsBehaviorTree/Tests/Editor/TestSetup.cs
  artifactKey: Guid(e88df26214e749ff96e423522fc67444) Importer(815301076,1909f56bfc062723c751e8b465ee728b)
Start importing Assets/TeppichsBehaviorTree/Tests/Editor/TestSetup.cs using Guid(e88df26214e749ff96e423522fc67444) Importer(815301076,1909f56bfc062723c751e8b465ee728b)  -> (artifact id: '5104964da4656e97cb06c45ab83a8137') in 0.009538 seconds 
========================================================================
Received Import Request.
  Time since last request: 11.235263 seconds.
  path: Assets/TeppichsBehaviorTree/Runtime/ModularBehaviourTree
  artifactKey: Guid(d17ae01ddef0fa34783ad141df178c30) Importer(815301076,1909f56bfc062723c751e8b465ee728b)
Start importing Assets/TeppichsBehaviorTree/Runtime/ModularBehaviourTree using Guid(d17ae01ddef0fa34783ad141df178c30) Importer(815301076,1909f56bfc062723c751e8b465ee728b)  -> (artifact id: '92696fc894abcdbee15de634acd6b34d') in 0.007214 seconds 
========================================================================
Received Import Request.
  Time since last request: 15.753276 seconds.
  path: Assets/TeppichsBehaviorTree/Editor/TreeBuilderEditor/TreeBuilder.Editor.asmdef
  artifactKey: Guid(b309fcd3f30c1c844bf01fd42b17e413) Importer(815301076,1909f56bfc062723c751e8b465ee728b)
Start importing Assets/TeppichsBehaviorTree/Editor/TreeBuilderEditor/TreeBuilder.Editor.asmdef using Guid(b309fcd3f30c1c844bf01fd42b17e413) Importer(815301076,1909f56bfc062723c751e8b465ee728b)  -> (artifact id: 'c373a3b4f743604dd9e655bccef3ef0a') in 0.005634 seconds 
========================================================================
Received Prepare
Registering precompiled user dll's ...
Registered in 0.001898 seconds.
Begin MonoManager ReloadAssembly
Native extension for WindowsStandalone target not found
Refreshing native plugins compatible for Editor in 0.68 ms, found 1 plugins.
Preloading 0 native plugins for Editor in 0.00 ms.
Mono: successfully reloaded assembly
- Completed reload, in  0.776 seconds
Platform modules already initialized, skipping
Refreshing native plugins compatible for Editor in 0.63 ms, found 1 plugins.
Preloading 0 native plugins for Editor in 0.00 ms.
Unloading 2737 Unused Serialized files (Serialized files now loaded: 0)
System memory in use before: 100.0 MB.
System memory in use after: 100.2 MB.

Unloading 10 unused Assets to reduce memory usage. Loaded Objects now: 3227.
Total: 2.287700 ms (FindLiveObjects: 0.412800 ms CreateObjectMapping: 0.101700 ms MarkObjects: 1.718700 ms  DeleteObjects: 0.053500 ms)

AssetImportWorkerClient::OnTransportError - code=2 error=End of file
